<?xml version="1.0" encoding="UTF-8"?>
<!-- Generated by org.testng.reporters.JUnitXMLReporter -->
<testsuite hostname="DESKTOP-CFS1HL3" ignored="0" name="Default test" tests="7" failures="0" timestamp="01 May 2020 23:10:37 GMT" time="50.657" errors="0">
  <testcase name="enter" time="0.145" classname="Air_TestCases.Air_Firstpage_Test"/>
  <testcase name="fromto" time="4.255" classname="Air_TestCases.Air_Firstpage_Test"/>
  <testcase name="tofrom" time="5.53" classname="Air_TestCases.Air_Firstpage_Test"/>
  <testcase name="fromtodetails" time="9.121" classname="Air_TestCases.Air_Firstpage_Test"/>
  <testcase name="sec" time="0.534" classname="Air_TestCases.Air_Firstpage_Test"/>
  <testcase name="text" time="0.057" classname="Air_TestCases.Air_Firstpage_Test"/>
  <testcase name="main" time="16.727" classname="Air_TestCases.Air_Firstpage_Test"/>
</testsuite> <!-- Default test -->
