<?xml version="1.0" encoding="UTF-8"?>
<testng-results skipped="0" failed="0" ignored="0" total="2" passed="2">
  <reporter-output>
  </reporter-output>
  <suite name="CheopOAir PRACTICE" duration-ms="320808" started-at="2020-05-03T21:09:59Z" finished-at="2020-05-03T21:15:19Z">
    <groups>
    </groups>
    <test name="Test" duration-ms="320808" started-at="2020-05-03T21:09:59Z" finished-at="2020-05-03T21:15:19Z">
      <class name="Air_TestCases.AIr_execute_sep">
        <test-method status="PASS" signature="setup()[pri:0, instance:Air_TestCases.AIr_execute_sep@a078fd]" name="setup" is-config="true" duration-ms="14096" started-at="2020-05-03T21:09:59Z" finished-at="2020-05-03T21:10:13Z">
          <reporter-output>
          </reporter-output>
        </test-method> <!-- setup -->
        <test-method status="PASS" signature="enter()[pri:1, instance:Air_TestCases.AIr_execute_sep@a078fd]" name="enter" duration-ms="11" started-at="2020-05-03T21:10:13Z" finished-at="2020-05-03T21:10:13Z">
          <reporter-output>
          </reporter-output>
        </test-method> <!-- enter -->
        <test-method status="PASS" signature="fromtodetails()[pri:2, instance:Air_TestCases.AIr_execute_sep@a078fd]" name="fromtodetails" duration-ms="306266" started-at="2020-05-03T21:10:13Z" finished-at="2020-05-03T21:15:19Z">
          <reporter-output>
          </reporter-output>
        </test-method> <!-- fromtodetails -->
        <test-method status="PASS" signature="tear()[pri:0, instance:Air_TestCases.AIr_execute_sep@a078fd]" name="tear" is-config="true" duration-ms="385" started-at="2020-05-03T21:15:19Z" finished-at="2020-05-03T21:15:19Z">
          <reporter-output>
          </reporter-output>
        </test-method> <!-- tear -->
      </class> <!-- Air_TestCases.AIr_execute_sep -->
    </test> <!-- Test -->
  </suite> <!-- CheopOAir PRACTICE -->
</testng-results>
